[  0%] Built target sensor_msgs_generate_messages_lisp
[  1%] Built target moveit_version
[  6%] Built target moveit_profiler
[  6%] Built target moveit_exceptions
[  6%] Built target octomap_msgs_generate_messages_nodejs
[  6%] Built target octomap_msgs_generate_messages_py
[  6%] Built target octomap_msgs_generate_messages_cpp
[  6%] Built target octomap_msgs_generate_messages_lisp
[  6%] Built target object_recognition_msgs_generate_messages_nodejs
[  6%] Built target object_recognition_msgs_generate_messages_lisp
[  6%] Built target object_recognition_msgs_generate_messages_eus
[  6%] Built target octomap_msgs_generate_messages_eus
[  6%] Built target trajectory_msgs_generate_messages_nodejs
[  6%] Built target object_recognition_msgs_generate_messages_cpp
[  6%] Built target trajectory_msgs_generate_messages_cpp
[  6%] Built target sensor_msgs_generate_messages_nodejs
[  6%] Built target _catkin_empty_exported_target
[  6%] Built target actionlib_generate_messages_lisp
[  6%] Built target roscpp_generate_messages_lisp
[  6%] Built target shape_msgs_generate_messages_cpp
[  6%] Built target actionlib_msgs_generate_messages_py
[  6%] Built target actionlib_msgs_generate_messages_cpp
[  6%] Built target actionlib_generate_messages_cpp
[  6%] Built target object_recognition_msgs_generate_messages_py
[  6%] Built target rosgraph_msgs_generate_messages_nodejs
[  6%] Built target actionlib_generate_messages_py
[  6%] Built target trajectory_msgs_generate_messages_lisp
[  6%] Built target shape_msgs_generate_messages_lisp
[  6%] Built target tf2_msgs_generate_messages_py
[  6%] Built target geometry_msgs_generate_messages_cpp
[  6%] Built target visualization_msgs_generate_messages_eus
[  6%] Built target moveit_msgs_generate_messages_py
[  6%] Built target tf2_msgs_generate_messages_cpp
[  6%] Built target std_msgs_generate_messages_py
[  6%] Built target std_msgs_generate_messages_cpp
[  6%] Built target std_msgs_generate_messages_nodejs
[  6%] Built target geometry_msgs_generate_messages_eus
[  6%] Built target geometry_msgs_generate_messages_py
[  6%] Built target moveit_msgs_generate_messages_eus
[  6%] Built target sensor_msgs_generate_messages_py
[  6%] Built target tf2_msgs_generate_messages_eus
[  6%] Built target roscpp_generate_messages_eus
[  6%] Built target actionlib_msgs_generate_messages_eus
[  6%] Built target rosgraph_msgs_generate_messages_lisp
[  6%] Built target shape_msgs_generate_messages_eus
[  6%] Built target geometry_msgs_generate_messages_nodejs
[  6%] Built target tf2_msgs_generate_messages_lisp
[  6%] Built target visualization_msgs_generate_messages_lisp
[  6%] Built target geometry_msgs_generate_messages_lisp
[  6%] Built target actionlib_msgs_generate_messages_nodejs
[  6%] Built target actionlib_msgs_generate_messages_lisp
[  6%] Built target std_msgs_generate_messages_eus
[  6%] Built target std_msgs_generate_messages_lisp
[  6%] Built target tf2_msgs_generate_messages_nodejs
[  6%] Built target moveit_msgs_generate_messages_lisp
[  6%] Built target actionlib_generate_messages_nodejs
[  6%] Built target roscpp_generate_messages_cpp
[  6%] Built target roscpp_generate_messages_nodejs
[  6%] Built target trajectory_msgs_generate_messages_eus
[  6%] Built target roscpp_generate_messages_py
[  6%] Built target rosgraph_msgs_generate_messages_py
[  6%] Built target shape_msgs_generate_messages_nodejs
[  6%] Built target trajectory_msgs_generate_messages_py
[  6%] Built target actionlib_generate_messages_eus
[  6%] Built target rosgraph_msgs_generate_messages_cpp
[  6%] Built target rosgraph_msgs_generate_messages_eus
[  6%] Built target shape_msgs_generate_messages_py
[  6%] Built target visualization_msgs_generate_messages_nodejs
[  6%] Built target visualization_msgs_generate_messages_py
[  6%] Built target moveit_msgs_generate_messages_nodejs
[  6%] Built target moveit_msgs_generate_messages_cpp
[  6%] Built target sensor_msgs_generate_messages_cpp
[  6%] Built target visualization_msgs_generate_messages_cpp
[  6%] Built target sensor_msgs_generate_messages_eus
[  9%] Built target moveit_background_processing
[ 11%] Built target gtest
[ 14%] Built target moveit_utils
[ 16%] Built target moveit_kinematics_base
[ 19%] Built target moveit_transforms
[ 24%] Built target moveit_distance_field
[ 35%] Built target moveit_robot_model
[ 37%] Built target moveit_test_utils
[ 41%] Built target moveit_robot_state
[ 48%] Built target robot_state_benchmark
[ 48%] Built target moveit_robot_trajectory
[ 50%] Built target moveit_kinematics_metrics
[ 58%] Built target moveit_collision_detection
[ 59%] Built target moveit_dynamics_solver
[ 62%] Built target moveit_planning_interface
[ 67%] Built target moveit_trajectory_processing
[ 70%] Built target moveit_collision_detection_fcl
[ 77%] Built target moveit_collision_detection_bullet
[ 79%] Built target collision_detector_fcl_plugin
[ 80%] Built target collision_detector_bullet_plugin
[ 83%] Built target moveit_kinematic_constraints
[ 87%] Built target moveit_planning_scene
[ 91%] Built target moveit_constraint_samplers
[ 93%] Built target moveit_planning_request_adapter
[100%] Built target moveit_collision_distance_field
